Arguments: 
  /Users/hi-rustin/Library/Application Support/fnm/node-versions/v16.18.0/installation/bin/node /Users/hi-rustin/Library/Caches/fnm_multishells/60601_1679291074433/bin/yarn install

PATH: 
  /var/folders/j1/7l6snwpx6svgqxh79bz_d27m0000gn/T/yarn--1679291598065-0.6986114465226612:/Users/hi-rustin/.config/yarn/global/node_modules/.bin:/Users/hi-rustin/.config/yarn/link/node_modules/.bin:/Users/hi-rustin/.yarn/bin:/Users/hi-rustin/Library/Application Support/fnm/node-versions/v16.18.0/installation/libexec/lib/node_modules/npm/bin/node-gyp-bin:/Users/hi-rustin/Library/Application Support/fnm/node-versions/v16.18.0/installation/lib/node_modules/npm/bin/node-gyp-bin:/Users/hi-rustin/Library/Application Support/fnm/node-versions/v16.18.0/installation/bin/node_modules/npm/bin/node-gyp-bin:/Users/hi-rustin/Library/Caches/fnm_multishells/60601_1679291074433/bin:/Users/hi-rustin/.go-tpc/bin:/opt/homebrew/opt/mysql-client/bin:/opt/homebrew/opt/portable-openssl/bin:/opt/homebrew/opt/mysql-client/bin:/Users/hi-rustin/go/bin:/Users/hi-rustin/.tiup/bin:/opt/homebrew/bin:/opt/homebrew/sbin:/usr/local/bin:/System/Cryptexes/App/usr/bin:/usr/bin:/bin:/usr/sbin:/sbin:/Library/TeX/texbin:/Library/Apple/usr/bin:/Users/hi-rustin/Library/Caches/fnm_multishells/52332_1679283902344/bin:/Users/hi-rustin/.go-tpc/bin:/opt/homebrew/opt/mysql-client/bin:/opt/homebrew/opt/portable-openssl/bin:/Users/hi-rustin/go/bin:/Users/hi-rustin/.tiup/bin:/opt/homebrew/bin:/opt/homebrew/sbin:/Users/hi-rustin/.cargo/bin:/Users/hi-rustin/Library/Application Support/JetBrains/Toolbox/scripts:/Users/hi-rustin/Library/Application Support/JetBrains/Toolbox/scripts

Yarn version: 
  1.22.19

Node version: 
  16.18.0

Platform: 
  darwin arm64

Trace: 
  Error: https://registry.yarnpkg.com/mermaid/-/mermaid-9.4.3.tgz: ETIMEDOUT
      at Timeout._onTimeout (/Users/hi-rustin/Library/Application Support/fnm/node-versions/v16.18.0/installation/lib/node_modules/yarn/lib/cli.js:141550:19)
      at listOnTimeout (node:internal/timers:559:17)
      at processTimers (node:internal/timers:502:7)

npm manifest: 
  {
    "name": "ticdc-kafka-sink.slide",
    "private": true,
    "scripts": {
      "build": "slidev build",
      "dev": "slidev --open",
      "export": "slidev export"
    },
    "dependencies": {
      "@slidev/cli": "^0.40.3",
      "@slidev/theme-default": "*",
      "@slidev/theme-seriph": "*"
    }
  }

yarn manifest: 
  No manifest

Lockfile: 
  No lockfile
